TN:
SF:src\service\action\loop\BreakActionService.ts
FN:8,accept
FN:12,run
FNF:2
FNH:2
FNDA:1,accept
FNDA:2,run
DA:1,1
DA:7,1
DA:8,1
DA:9,1
DA:10,1
DA:12,1
DA:13,2
DA:14,1
DA:15,1
DA:17,1
DA:18,1
DA:20,1
DA:21,2
DA:22,1
LF:14
LH:14
BRDA:8,0,0,1
BRDA:12,1,0,2
BRDA:13,2,0,1
BRDA:13,3,0,1
BRF:4
BRH:4
end_of_record
TN:
SF:src\service\action\loop\ContinueActionService.ts
FN:8,accept
FN:12,run
FNF:2
FNH:2
FNDA:1,accept
FNDA:1,run
DA:1,1
DA:7,1
DA:8,1
DA:9,1
DA:10,1
DA:12,1
DA:13,1
DA:14,0
DA:15,0
DA:17,1
DA:18,1
DA:20,1
DA:21,1
DA:22,1
LF:14
LH:12
BRDA:8,0,0,1
BRDA:12,1,0,1
BRDA:13,2,0,0
BRF:3
BRH:2
end_of_record
TN:
SF:src\service\action\loop\LoopControlError.ts
FN:2,LoopBreakError
FN:9,LoopContinueError
FN:16,LoopMaxIterationError
FN:23,LoopTimeoutError
FNF:4
FNH:3
FNDA:2,LoopBreakError
FNDA:2,LoopContinueError
FNDA:1,LoopMaxIterationError
FNDA:0,LoopTimeoutError
DA:1,1
DA:2,1
DA:3,2
DA:4,2
DA:5,2
DA:6,1
DA:8,1
DA:9,1
DA:10,2
DA:11,2
DA:12,2
DA:13,1
DA:15,1
DA:16,1
DA:17,1
DA:18,1
DA:19,1
DA:20,1
DA:22,1
DA:23,1
DA:24,0
DA:25,0
DA:26,0
DA:27,1
LF:24
LH:21
BRDA:2,0,0,2
BRDA:9,1,0,2
BRDA:16,2,0,1
BRF:3
BRH:3
end_of_record
TN:
SF:src\utils\LoopDataResolver.ts
FN:11,resolveIterations
FN:36,resolveListDataSource
FN:98,evaluateCondition
FN:143,generateCountIterations
FN:164,resolveTemplateString
FN:180,getValueFromStateByPath
FN:212,getValueBySegments
FNF:7
FNH:7
FNDA:4,resolveIterations
FNDA:8,resolveListDataSource
FNDA:3,evaluateCondition
FNDA:4,generateCountIterations
FNDA:8,resolveTemplateString
FNDA:16,getValueFromStateByPath
FNDA:6,getValueBySegments
DA:1,1
DA:7,1
DA:11,1
DA:12,4
DA:13,4
DA:14,4
DA:15,4
DA:16,4
DA:17,1
DA:18,4
DA:19,1
DA:20,1
DA:21,1
DA:22,1
DA:23,1
DA:24,4
DA:25,4
DA:27,2
DA:28,4
DA:29,0
DA:30,4
DA:31,4
DA:36,1
DA:37,8
DA:38,8
DA:39,8
DA:40,8
DA:41,0
DA:42,0
DA:44,8
DA:45,8
DA:46,3
DA:47,3
DA:49,5
DA:51,8
DA:52,0
DA:53,0
DA:55,8
DA:56,8
DA:57,0
DA:58,0
DA:60,5
DA:61,8
DA:62,0
DA:63,0
DA:65,8
DA:66,1
DA:67,1
DA:69,4
DA:70,4
DA:71,8
DA:72,1
DA:73,1
DA:74,8
DA:76,3
DA:78,8
DA:79,1
DA:80,1
DA:81,1
DA:82,1
DA:83,1
DA:85,8
DA:86,1
DA:87,1
DA:88,1
DA:89,1
DA:90,1
DA:92,1
DA:93,8
DA:98,1
DA:99,3
DA:100,3
DA:101,3
DA:102,3
DA:103,0
DA:104,0
DA:106,3
DA:107,3
DA:109,3
DA:110,0
DA:111,0
DA:113,3
DA:114,0
DA:115,0
DA:117,3
DA:118,0
DA:119,0
DA:121,3
DA:122,3
DA:123,0
DA:124,0
DA:126,3
DA:127,3
DA:128,3
DA:129,3
DA:130,3
DA:131,3
DA:132,3
DA:133,3
DA:134,3
DA:135,1
DA:136,1
DA:137,1
DA:138,3
DA:143,1
DA:144,4
DA:145,1
DA:146,1
DA:148,4
DA:149,4
DA:151,4
DA:152,2
DA:153,6
DA:154,6
DA:155,4
DA:156,1
DA:157,4
DA:158,4
DA:159,1
DA:161,3
DA:162,4
DA:164,1
DA:165,8
DA:166,8
DA:167,8
DA:168,8
DA:169,0
DA:170,0
DA:172,8
DA:173,8
DA:174,8
DA:176,0
DA:177,0
DA:178,8
DA:180,1
DA:181,16
DA:182,0
DA:183,0
DA:184,16
DA:185,16
DA:186,0
DA:187,0
DA:189,16
DA:190,16
DA:191,16
DA:192,4
DA:193,4
DA:195,16
DA:196,8
DA:197,8
DA:199,4
DA:200,16
DA:201,0
DA:202,0
DA:204,16
DA:205,16
DA:206,2
DA:207,2
DA:209,2
DA:210,16
DA:212,1
DA:213,6
DA:214,0
DA:215,0
DA:216,6
DA:217,6
DA:218,13
DA:219,3
DA:220,3
DA:221,10
DA:222,10
DA:223,3
DA:224,6
DA:225,1
LF:174
LH:143
BRDA:11,0,0,4
BRDA:16,1,0,1
BRDA:18,2,0,1
BRDA:20,3,0,0
BRDA:21,4,0,0
BRDA:22,5,0,0
BRDA:24,6,0,1
BRDA:25,7,0,2
BRDA:28,8,0,0
BRDA:36,9,0,8
BRDA:40,10,0,0
BRDA:45,11,0,3
BRDA:47,12,0,5
BRDA:51,13,0,0
BRDA:53,14,0,5
BRDA:55,15,0,0
BRDA:56,16,0,0
BRDA:58,17,0,5
BRDA:61,18,0,0
BRDA:63,19,0,5
BRDA:65,20,0,1
BRDA:65,21,0,1
BRDA:66,22,0,0
BRDA:67,23,0,4
BRDA:71,24,0,1
BRDA:74,25,0,3
BRDA:78,26,0,1
BRDA:83,27,0,2
BRDA:85,28,0,1
BRDA:81,29,0,3
BRDA:82,30,0,3
BRDA:88,31,0,3
BRDA:89,32,0,3
BRDA:98,33,0,3
BRDA:102,34,0,0
BRDA:107,35,0,0
BRDA:109,36,0,0
BRDA:113,37,0,0
BRDA:117,38,0,0
BRDA:122,39,0,0
BRDA:133,40,0,2
BRDA:133,41,0,0
BRDA:134,42,0,1
BRDA:143,43,0,4
BRDA:144,44,0,1
BRDA:146,45,0,3
BRDA:148,46,0,2
BRDA:148,47,0,1
BRDA:151,48,0,2
BRDA:152,49,0,6
BRDA:155,50,0,1
BRDA:156,51,0,4
BRDA:159,52,0,3
BRDA:164,53,0,8
BRDA:168,54,0,0
BRDA:174,55,0,0
BRDA:180,56,0,16
BRDA:181,57,0,0
BRDA:185,58,0,0
BRDA:190,59,0,12
BRDA:191,60,0,4
BRDA:193,61,0,12
BRDA:195,62,0,8
BRDA:197,63,0,4
BRDA:200,64,0,0
BRDA:202,65,0,4
BRDA:205,66,0,2
BRDA:199,67,0,9
BRDA:212,68,0,6
BRDA:213,69,0,0
BRDA:217,70,0,13
BRDA:218,71,0,10
BRDA:218,72,0,3
BRDA:220,73,0,10
BRDA:222,74,0,3
BRF:75
BRH:52
end_of_record
TN:
SF:src\utils\LoopVariableScope.ts
FN:18,<static_initializer>
FN:21,push
FN:28,pop
FN:32,current
FN:39,getValue
FN:52,isInsideLoop
FN:59,getCurrentMeta
FN:70,getAvailableVariables
FN:102,getVariableDescription
FN:119,createStandardVariableMeta
FN:136,clear
FN:143,getDepth
FNF:12
FNH:6
FNDA:9,<static_initializer>
FNDA:10,push
FNDA:2,pop
FNDA:0,current
FNDA:34,getValue
FNDA:0,isInsideLoop
FNDA:0,getCurrentMeta
FNDA:0,getAvailableVariables
FNDA:24,getVariableDescription
FNDA:0,createStandardVariableMeta
FNDA:20,clear
FNDA:0,getDepth
DA:18,1
DA:19,9
DA:21,9
DA:22,10
DA:23,10
DA:24,10
DA:25,10
DA:26,10
DA:28,9
DA:29,2
DA:30,2
DA:32,9
DA:33,0
DA:34,0
DA:35,0
DA:36,0
DA:37,0
DA:39,9
DA:40,34
DA:41,30
DA:42,30
DA:43,23
DA:44,23
DA:45,30
DA:46,11
DA:47,34
DA:52,9
DA:53,0
DA:54,0
DA:59,9
DA:60,0
DA:61,0
DA:62,0
DA:63,0
DA:64,0
DA:65,0
DA:70,9
DA:71,0
DA:74,0
DA:75,0
DA:76,0
DA:77,0
DA:79,0
DA:80,0
DA:81,0
DA:82,0
DA:83,0
DA:85,0
DA:86,0
DA:87,0
DA:88,0
DA:89,0
DA:90,0
DA:91,0
DA:92,0
DA:93,0
DA:94,0
DA:96,0
DA:97,0
DA:102,9
DA:103,24
DA:104,24
DA:105,24
DA:106,24
DA:107,24
DA:108,24
DA:109,24
DA:110,24
DA:111,24
DA:113,24
DA:114,24
DA:119,9
DA:120,0
DA:122,0
DA:123,0
DA:124,0
DA:125,0
DA:126,0
DA:127,0
DA:128,0
DA:130,0
DA:131,0
DA:136,9
DA:137,20
DA:138,20
DA:143,9
DA:144,0
DA:145,0
DA:146,9
LF:89
LH:42
BRDA:18,0,0,9
BRDA:21,1,0,10
BRDA:28,2,0,2
BRDA:39,3,0,34
BRDA:40,4,0,30
BRDA:42,5,0,23
BRDA:45,6,0,11
BRDA:102,7,0,24
BRDA:113,8,0,0
BRDA:136,9,0,20
BRF:10
BRH:9
end_of_record
TN:
SF:src\utils\LoopVariableValidator.ts
FN:4,isValid
FN:15,sanitize
FNF:2
FNH:2
FNDA:6,isValid
FNDA:2,sanitize
DA:1,1
DA:3,1
DA:4,1
DA:5,6
DA:6,2
DA:7,2
DA:8,4
DA:9,6
DA:10,0
DA:11,0
DA:12,4
DA:13,6
DA:15,1
DA:16,2
DA:17,1
DA:18,1
DA:19,1
DA:20,2
DA:21,1
LF:19
LH:17
BRDA:4,0,0,6
BRDA:5,1,0,2
BRDA:7,2,0,4
BRDA:9,3,0,0
BRDA:11,4,0,4
BRDA:15,5,0,2
BRDA:16,6,0,1
BRF:7
BRH:6
end_of_record
