TN:
SF:src\service\action\loop\BreakActionService.ts
FN:8,accept
FN:12,run
FNF:2
FNH:2
FNDA:1,accept
FNDA:2,run
DA:1,1
DA:7,1
DA:8,1
DA:9,1
DA:10,1
DA:12,1
DA:13,2
DA:14,1
DA:15,1
DA:17,1
DA:18,1
DA:20,1
DA:21,2
DA:22,1
LF:14
LH:14
BRDA:8,0,0,1
BRDA:12,1,0,2
BRDA:13,2,0,1
BRDA:13,3,0,1
BRF:4
BRH:4
end_of_record
TN:
SF:src\service\action\loop\ContinueActionService.ts
FN:8,accept
FN:12,run
FNF:2
FNH:2
FNDA:1,accept
FNDA:1,run
DA:1,1
DA:7,1
DA:8,1
DA:9,1
DA:10,1
DA:12,1
DA:13,1
DA:14,0
DA:15,0
DA:17,1
DA:18,1
DA:20,1
DA:21,1
DA:22,1
LF:14
LH:12
BRDA:8,0,0,1
BRDA:12,1,0,1
BRDA:13,2,0,0
BRF:3
BRH:2
end_of_record
TN:
SF:src\service\action\loop\LoopControlError.ts
FN:2,LoopBreakError
FN:9,LoopContinueError
FN:16,LoopMaxIterationError
FN:23,LoopTimeoutError
FNF:4
FNH:3
FNDA:2,LoopBreakError
FNDA:2,LoopContinueError
FNDA:1,LoopMaxIterationError
FNDA:0,LoopTimeoutError
DA:1,1
DA:2,1
DA:3,2
DA:4,2
DA:5,2
DA:6,1
DA:8,1
DA:9,1
DA:10,2
DA:11,2
DA:12,2
DA:13,1
DA:15,1
DA:16,1
DA:17,1
DA:18,1
DA:19,1
DA:20,1
DA:22,1
DA:23,1
DA:24,0
DA:25,0
DA:26,0
DA:27,1
LF:24
LH:21
BRDA:2,0,0,2
BRDA:9,1,0,2
BRDA:16,2,0,1
BRF:3
BRH:3
end_of_record
TN:
SF:src\utils\LoopDataResolver.ts
FN:12,resolveIterations
FN:37,resolveListDataSource
FN:99,evaluateCondition
FN:155,generateCountIterations
FN:176,resolveTemplateString
FN:192,getValueFromStateByPath
FN:233,getValueFromLoopScope
FN:262,getValueBySegments
FNF:8
FNH:8
FNDA:4,resolveIterations
FNDA:8,resolveListDataSource
FNDA:14,evaluateCondition
FNDA:4,generateCountIterations
FNDA:19,resolveTemplateString
FNDA:27,getValueFromStateByPath
FNDA:27,getValueFromLoopScope
FNDA:26,getValueBySegments
DA:1,1
DA:8,1
DA:12,1
DA:13,4
DA:14,4
DA:15,4
DA:16,4
DA:17,4
DA:18,1
DA:19,4
DA:20,1
DA:21,1
DA:22,1
DA:23,1
DA:24,1
DA:25,4
DA:26,4
DA:28,2
DA:29,4
DA:30,0
DA:31,4
DA:32,4
DA:37,1
DA:38,8
DA:39,8
DA:40,8
DA:41,8
DA:42,0
DA:43,0
DA:45,8
DA:46,8
DA:47,3
DA:48,3
DA:50,5
DA:52,8
DA:53,0
DA:54,0
DA:56,8
DA:57,8
DA:58,0
DA:59,0
DA:61,5
DA:62,8
DA:63,0
DA:64,0
DA:66,8
DA:67,1
DA:68,1
DA:70,4
DA:71,4
DA:72,8
DA:73,1
DA:74,1
DA:75,8
DA:77,3
DA:79,8
DA:80,1
DA:81,1
DA:82,1
DA:83,1
DA:84,1
DA:86,8
DA:87,1
DA:88,1
DA:89,1
DA:90,1
DA:91,1
DA:93,1
DA:94,8
DA:99,1
DA:100,14
DA:101,14
DA:102,14
DA:103,14
DA:104,0
DA:105,0
DA:107,14
DA:108,14
DA:110,14
DA:111,0
DA:112,0
DA:114,14
DA:115,0
DA:116,0
DA:118,14
DA:119,0
DA:120,0
DA:122,14
DA:123,14
DA:124,0
DA:125,0
DA:127,14
DA:129,14
DA:130,14
DA:131,14
DA:132,25
DA:133,25
DA:134,25
DA:135,25
DA:136,25
DA:138,14
DA:139,14
DA:140,14
DA:141,14
DA:142,14
DA:143,14
DA:144,14
DA:145,14
DA:146,14
DA:147,1
DA:148,1
DA:149,1
DA:150,14
DA:155,1
DA:156,4
DA:157,1
DA:158,1
DA:160,4
DA:161,4
DA:163,4
DA:164,2
DA:165,6
DA:166,6
DA:167,4
DA:168,1
DA:169,4
DA:170,4
DA:171,1
DA:173,3
DA:174,4
DA:176,1
DA:177,19
DA:178,19
DA:179,19
DA:180,19
DA:181,0
DA:182,0
DA:184,19
DA:185,18
DA:186,18
DA:188,1
DA:189,1
DA:190,19
DA:192,1
DA:193,27
DA:194,0
DA:195,0
DA:196,27
DA:197,27
DA:198,0
DA:199,0
DA:202,27
DA:203,27
DA:204,0
DA:205,0
DA:207,27
DA:208,27
DA:209,27
DA:210,4
DA:211,4
DA:213,27
DA:214,9
DA:215,9
DA:217,14
DA:218,27
DA:219,0
DA:220,0
DA:222,27
DA:223,27
DA:224,2
DA:225,2
DA:227,12
DA:228,27
DA:233,1
DA:234,27
DA:236,13
DA:237,13
DA:240,14
DA:241,27
DA:242,0
DA:243,0
DA:246,14
DA:247,14
DA:249,27
DA:250,14
DA:251,14
DA:254,0
DA:255,0
DA:256,0
DA:259,0
DA:260,27
DA:262,1
DA:263,26
DA:264,0
DA:265,0
DA:266,26
DA:267,26
DA:268,53
DA:269,23
DA:270,23
DA:271,30
DA:272,30
DA:273,3
DA:274,26
DA:275,1
LF:205
LH:168
BRDA:12,0,0,4
BRDA:17,1,0,1
BRDA:19,2,0,1
BRDA:21,3,0,0
BRDA:22,4,0,0
BRDA:23,5,0,0
BRDA:25,6,0,1
BRDA:26,7,0,2
BRDA:29,8,0,0
BRDA:37,9,0,8
BRDA:41,10,0,0
BRDA:46,11,0,3
BRDA:48,12,0,5
BRDA:52,13,0,0
BRDA:54,14,0,5
BRDA:56,15,0,0
BRDA:57,16,0,0
BRDA:59,17,0,5
BRDA:62,18,0,0
BRDA:64,19,0,5
BRDA:66,20,0,1
BRDA:66,21,0,1
BRDA:67,22,0,0
BRDA:68,23,0,4
BRDA:72,24,0,1
BRDA:75,25,0,3
BRDA:79,26,0,1
BRDA:84,27,0,2
BRDA:86,28,0,1
BRDA:82,29,0,3
BRDA:83,30,0,3
BRDA:89,31,0,3
BRDA:90,32,0,3
BRDA:99,33,0,14
BRDA:103,34,0,0
BRDA:108,35,0,0
BRDA:110,36,0,0
BRDA:114,37,0,0
BRDA:118,38,0,0
BRDA:123,39,0,0
BRDA:131,40,0,25
BRDA:145,41,0,13
BRDA:145,42,0,0
BRDA:146,43,0,1
BRDA:155,44,0,4
BRDA:156,45,0,1
BRDA:158,46,0,3
BRDA:160,47,0,2
BRDA:160,48,0,1
BRDA:163,49,0,2
BRDA:164,50,0,6
BRDA:167,51,0,1
BRDA:168,52,0,4
BRDA:171,53,0,3
BRDA:176,54,0,19
BRDA:180,55,0,0
BRDA:184,56,0,18
BRDA:186,57,0,1
BRDA:192,58,0,27
BRDA:193,59,0,0
BRDA:197,60,0,0
BRDA:203,61,0,0
BRDA:208,62,0,23
BRDA:209,63,0,4
BRDA:211,64,0,23
BRDA:213,65,0,9
BRDA:215,66,0,14
BRDA:218,67,0,0
BRDA:220,68,0,14
BRDA:223,69,0,13
BRDA:223,70,0,2
BRDA:225,71,0,12
BRDA:217,72,0,32
BRDA:233,73,0,27
BRDA:234,74,0,13
BRDA:237,75,0,14
BRDA:241,76,0,0
BRDA:243,77,0,14
BRDA:249,78,0,0
BRDA:249,79,0,14
BRDA:251,80,0,0
BRDA:240,81,0,32
BRDA:262,82,0,26
BRDA:263,83,0,0
BRDA:267,84,0,53
BRDA:268,85,0,30
BRDA:268,86,0,33
BRDA:268,87,0,23
BRDA:270,88,0,30
BRDA:272,89,0,3
BRF:90
BRH:64
end_of_record
TN:
SF:src\utils\LoopVariableScope.ts
FN:18,<static_initializer>
FN:21,push
FN:28,pop
FN:32,current
FN:39,getValue
FN:52,isInsideLoop
FN:59,getCurrentMeta
FN:70,getAvailableVariables
FN:102,getVariableDescription
FN:119,createStandardVariableMeta
FN:136,clear
FN:143,getDepth
FNF:12
FNH:9
FNDA:4,<static_initializer>
FNDA:46,push
FNDA:24,pop
FNDA:2,current
FNDA:119,getValue
FNDA:6,isInsideLoop
FNDA:0,getCurrentMeta
FNDA:15,getAvailableVariables
FNDA:0,getVariableDescription
FNDA:0,createStandardVariableMeta
FNDA:55,clear
FNDA:4,getDepth
DA:18,1
DA:19,4
DA:21,4
DA:22,46
DA:23,46
DA:24,46
DA:25,46
DA:26,46
DA:28,4
DA:29,24
DA:30,24
DA:32,4
DA:33,2
DA:34,2
DA:35,2
DA:36,0
DA:37,2
DA:39,4
DA:40,119
DA:41,98
DA:42,98
DA:43,82
DA:44,82
DA:45,98
DA:46,37
DA:47,119
DA:52,4
DA:53,6
DA:54,6
DA:59,4
DA:60,0
DA:61,0
DA:62,0
DA:63,0
DA:64,0
DA:65,0
DA:70,4
DA:71,15
DA:74,15
DA:75,15
DA:76,15
DA:77,0
DA:79,0
DA:80,0
DA:81,0
DA:82,0
DA:83,15
DA:85,15
DA:86,33
DA:87,28
DA:88,28
DA:89,28
DA:90,28
DA:91,28
DA:92,15
DA:93,15
DA:94,15
DA:96,15
DA:97,15
DA:102,4
DA:103,0
DA:104,0
DA:105,0
DA:106,0
DA:107,0
DA:108,0
DA:109,0
DA:110,0
DA:111,0
DA:113,0
DA:114,0
DA:119,4
DA:120,0
DA:122,0
DA:123,0
DA:124,0
DA:125,0
DA:126,0
DA:127,0
DA:128,0
DA:130,0
DA:131,0
DA:136,4
DA:137,55
DA:138,55
DA:143,4
DA:144,4
DA:145,4
DA:146,4
LF:89
LH:56
BRDA:18,0,0,4
BRDA:21,1,0,46
BRDA:28,2,0,24
BRDA:32,3,0,2
BRDA:35,4,0,0
BRDA:39,5,0,119
BRDA:40,6,0,98
BRDA:42,7,0,82
BRDA:45,8,0,37
BRDA:52,9,0,6
BRDA:70,10,0,15
BRDA:74,11,0,15
BRDA:76,12,0,0
BRDA:85,13,0,33
BRDA:86,14,0,28
BRDA:86,15,0,28
BRDA:136,16,0,55
BRDA:143,17,0,4
BRF:18
BRH:16
end_of_record
TN:
SF:src\utils\LoopVariableValidator.ts
FN:4,isValid
FN:15,sanitize
FNF:2
FNH:2
FNDA:6,isValid
FNDA:2,sanitize
DA:1,1
DA:3,1
DA:4,1
DA:5,6
DA:6,2
DA:7,2
DA:8,4
DA:9,6
DA:10,0
DA:11,0
DA:12,4
DA:13,6
DA:15,1
DA:16,2
DA:17,1
DA:18,1
DA:19,1
DA:20,2
DA:21,1
LF:19
LH:17
BRDA:4,0,0,6
BRDA:5,1,0,2
BRDA:7,2,0,4
BRDA:9,3,0,0
BRDA:11,4,0,4
BRDA:15,5,0,2
BRDA:16,6,0,1
BRF:7
BRH:6
end_of_record
